\BOOKMARK [0][-]{chapter.3}{Limits}{}% 30
\BOOKMARK [1][-]{section.3.1}{Encoding genealogies}{chapter.3}% 31
\BOOKMARK [2][-]{subsection.3.1.1}{The genealogical process}{section.3.1}% 32
\BOOKMARK [2][-]{subsection.3.1.2}{Time scale}{section.3.1}% 33
\BOOKMARK [2][-]{subsection.3.1.3}{Transition probabilities}{section.3.1}% 34
\BOOKMARK [1][-]{section.3.2}{An existing limit theorem}{chapter.3}% 35
\BOOKMARK [1][-]{section.3.3}{A new limit theorem}{chapter.3}% 36
\BOOKMARK [2][-]{subsection.3.3.1}{Proof of theorem}{section.3.3}% 37
\BOOKMARK [0][-]{chapter.4}{Weak Convergence}{}% 38
\BOOKMARK [1][-]{section.4.1}{Bounds on sum-products}{chapter.4}% 39
\BOOKMARK [1][-]{section.4.2}{Main components of induction argument}{chapter.4}% 40
\BOOKMARK [1][-]{section.4.3}{Indicators}{chapter.4}% 41
\BOOKMARK [1][-]{section.4.4}{Fubini \046 dominated convergence conditions}{chapter.4}% 42
\BOOKMARK [0][-]{chapter.5}{Applications}{}% 43
\BOOKMARK [1][-]{section.5.1}{Multinomial resampling}{chapter.5}% 44
\BOOKMARK [1][-]{section.5.2}{Stratified resampling}{chapter.5}% 45
\BOOKMARK [1][-]{section.5.3}{Stochastic rounding}{chapter.5}% 46
\BOOKMARK [1][-]{section.5.4}{Residual resampling with stratified residuals}{chapter.5}% 47
\BOOKMARK [1][-]{section.5.5}{Residual resampling with multinomial residuals}{chapter.5}% 48
\BOOKMARK [1][-]{section.5.6}{Star resampling}{chapter.5}% 49
\BOOKMARK [1][-]{section.5.7}{Conditional SMC}{chapter.5}% 50
\BOOKMARK [2][-]{subsection.5.7.1}{Effect of ancestor sampling}{section.5.7}% 51
