This is pdfTeX, Version 3.14159265-2.6-1.40.19 (TeX Live 2018) (preloaded format=pdflatex 2018.7.4)  20 AUG 2019 10:40
entering extended mode
 restricted \write18 enabled.
 %&-line parsing enabled.
**paper.tex
(./paper.tex
LaTeX2e <2018-04-01> patch level 2
Babel <3.18> and hyphenation patterns for 84 language(s) loaded.
(./biometrika.cls
Document Class: biometrika 2009/25/05 v1.5 Standard LaTeX document class
\draftrule=\dimen102
\trimrule=\dimen103
(./Biomet-lineno.sty (./lineno.sty
Package: lineno 2005/11/02 line numbers on paragraphs v4.41
\linenopenalty=\count80
\output=\toks14
\linenoprevgraf=\count81
\linenumbersep=\dimen104
\linenumberwidth=\dimen105
\c@linenumber=\count82
\c@pagewiselinenumber=\count83
\c@LN@truepage=\count84
\c@internallinenumber=\count85
\c@internallinenumbers=\count86
\quotelinenumbersep=\dimen106
\bframerule=\dimen107
\bframesep=\dimen108
\bframebox=\box26
LaTeX Info: Redefining \\ on input line 3056.
))
\minute=\count87
\hour=\count88
\trimwidth=\dimen109
\trimheight=\dimen110
\typewidth=\dimen111
\typeheight=\dimen112
\tempdimen=\dimen113
\normaltextheight=\dimen114
\normalbaselineskip=\skip41
\blindfoliodrop=\dimen115
\enumdim=\dimen116
\figheight=\dimen117
\figwidth=\dimen118
\tabledim=\dimen119
\tableleftskip=\skip42
\tablerightskip=\skip43
\mathindent=\dimen120
\emathindent=\dimen121
\bibindent=\dimen122
\tempbox=\box27
\aucount=\count89
\affcount=\count90
\articlecount=\count91
\abbrebox=\box28
\c@part=\count92
\c@chapter=\count93
\c@section=\count94
\c@subsection=\count95
\topsepi=\skip44
\topsepii=\skip45
\topsepiii=\skip46
\itemsepi=\skip47
\itemsepii=\skip48
\itemsepiii=\skip49
\LabelSep=\dimen123
\deflistcount=\count96
\listtextleftmargin=\skip50
\listtextleftmarginii=\skip51
\listtextleftmarginiii=\skip52
\listtextrightmargin=\skip53
\listlabelleftskip=\skip54
\listlabelleftskipii=\skip55
\listlabelleftskipiii=\skip56
\abovelistskipi=\skip57
\belowlistskipi=\skip58
\abovelistskipii=\skip59
\belowlistskipii=\skip60
\abovelistskipiii=\skip61
\belowlistskipiii=\skip62
\labelsepi=\skip63
\labelsepii=\skip64
\labelsepiii=\skip65
\enumdimwd=\dimen124
\unnumlistindent=\dimen125
\itemleftmargin=\dimen126
\itemlabelsep=\dimen127
\c@ncount=\count97
\abovecaptionskip=\skip66
\belowcaptionskip=\skip67
\c@figure=\count98
\tempadimen=\dimen128

(/usr/local/texlive/2018/texmf-dist/tex/generic/epsf/epsf.sty
This is `epsf.tex' v2.7.4 <14 February 2011>
\epsffilein=\read1
\epsfframemargin=\dimen129
\epsfframethickness=\dimen130
\epsfrsize=\dimen131
\epsftmp=\dimen132
\epsftsize=\dimen133
\epsfxsize=\dimen134
\epsfysize=\dimen135
\pspoints=\dimen136
)
\figtempbox=\box29
\c@table=\count99
\@footmax=\dimen137
LaTeX Font Info:    External font `cmex10' loaded for size
(Font)              <8> on input line 1292.
LaTeX Font Info:    External font `cmex10' loaded for size
(Font)              <6> on input line 1292.
LaTeX Font Info:    External font `cmex10' loaded for size
(Font)              <5> on input line 1292.
\bibindent=\dimen138
\bibleftmargin=\dimen139
\bibitemsep=\dimen140
\bibparsep=\dimen141
\bibtext=\dimen142
\biblabelsep=\dimen143
\bibleftmargini=\dimen144
\linecount=\count100
\tempcount=\count101
 (./ntheorem.sty
Style `ntheorem', Version 1.24 <2004/09/20>
Package: ntheorem 2004/09/20 1.24
\theorem@style=\toks15
\theorem@@style=\toks16
\theorembodyfont=\toks17
\theoremnumbering=\toks18
\theorempreskipamount=\skip68
\theorempostskipamount=\skip69
\theoremindent=\dimen145
\theorem@indent=\dimen146
\theoremheaderfont=\toks19
\theoremseparator=\toks20
\theoremprework=\toks21
\theorempostwork=\toks22
\theoremsymbol=\toks23
\qedsymbol=\toks24
\theoremkeyword=\toks25
\qedsymbol=\toks26
\thm@topsepadd=\skip70
Package ntheorem Info: Option `thmmarks' loaded on input line 1031.
\c@endNonectr=\count102
\c@currNonectr=\count103
\mysavskip=\skip71
)
\c@currtheoremctr=\count104
\c@endtheoremctr=\count105
\c@theorem=\count106
\c@currlemmactr=\count107
\c@endlemmactr=\count108
\c@lemma=\count109
\c@currcorollaryctr=\count110
\c@endcorollaryctr=\count111
\c@corollary=\count112
\c@currpropositionctr=\count113
\c@endpropositionctr=\count114
\c@proposition=\count115
\c@currdefinitionctr=\count116
\c@enddefinitionctr=\count117
\c@definition=\count118
\c@currassumptionctr=\count119
\c@endassumptionctr=\count120
\c@assumption=\count121
\c@currremarkctr=\count122
\c@endremarkctr=\count123
\c@remark=\count124
\c@currstepctr=\count125
\c@endstepctr=\count126
\c@step=\count127
\c@currconditionctr=\count128
\c@endconditionctr=\count129
\c@condition=\count130
\c@currpropertyctr=\count131
\c@endpropertyctr=\count132
\c@property=\count133
\c@currrestrictionctr=\count134
\c@endrestrictionctr=\count135
\c@restriction=\count136
\c@currexamplectr=\count137
\c@endexamplectr=\count138
\c@example=\count139
\c@curralgoctr=\count140
\c@endalgoctr=\count141
\c@algo=\count142
\c@currproofctr=\count143
\c@endproofctr=\count144
\c@proof=\count145
 (/usr/local/texlive/2018/texmf-dist/tex/latex/natbib/natbib.sty
Package: natbib 2010/09/13 8.31b (PWD, AO)
\bibhang=\skip72
\bibsep=\skip73
LaTeX Info: Redefining \cite on input line 694.
\c@NAT@ctr=\count146
))
(/usr/local/texlive/2018/texmf-dist/tex/latex/amsmath/amsmath.sty
Package: amsmath 2017/09/02 v2.17a AMS math features
\@mathmargin=\skip74

For additional information on amsmath, use the `?' option.
(/usr/local/texlive/2018/texmf-dist/tex/latex/amsmath/amstext.sty
Package: amstext 2000/06/29 v2.01 AMS text

(/usr/local/texlive/2018/texmf-dist/tex/latex/amsmath/amsgen.sty
File: amsgen.sty 1999/11/30 v2.0 generic functions
\@emptytoks=\toks27
\ex@=\dimen147
)
LaTeX Info: Redefining \text on input line 28.
)
(/usr/local/texlive/2018/texmf-dist/tex/latex/amsmath/amsbsy.sty
Package: amsbsy 1999/11/29 v1.2d Bold Symbols
\pmbraise@=\dimen148
)
(/usr/local/texlive/2018/texmf-dist/tex/latex/amsmath/amsopn.sty
Package: amsopn 2016/03/08 v2.02 operator names
)
\inf@bad=\count147
LaTeX Info: Redefining \frac on input line 213.
\uproot@=\count148
\leftroot@=\count149
LaTeX Info: Redefining \overline on input line 375.
\classnum@=\count150
\DOTSCASE@=\count151
LaTeX Info: Redefining \ldots on input line 472.
LaTeX Info: Redefining \dots on input line 475.
LaTeX Info: Redefining \cdots on input line 596.
\Mathstrutbox@=\box30
\strutbox@=\box31
\big@size=\dimen149
LaTeX Font Info:    Redeclaring font encoding OML on input line 712.
LaTeX Font Info:    Redeclaring font encoding OMS on input line 713.
\macc@depth=\count152
\c@MaxMatrixCols=\count153
\dotsspace@=\muskip10
\c@parentequation=\count154
\dspbrk@lvl=\count155
\tag@help=\toks28
\row@=\count156
\column@=\count157
\maxfields@=\count158
\andhelp@=\toks29
\eqnshift@=\dimen150
\alignsep@=\dimen151
\tagshift@=\dimen152
\tagwidth@=\dimen153
\totwidth@=\dimen154
\lineht@=\dimen155
\@envbody=\toks30
\multlinegap=\skip75
\multlinetaggap=\skip76
\mathdisplay@stack=\toks31
LaTeX Info: Redefining \[ on input line 2817.
LaTeX Info: Redefining \] on input line 2818.
)
(/usr/local/texlive/2018/texmf-dist/tex/latex/amsfonts/amssymb.sty
Package: amssymb 2013/01/14 v3.01 AMS font symbols

(/usr/local/texlive/2018/texmf-dist/tex/latex/amsfonts/amsfonts.sty
Package: amsfonts 2013/01/14 v3.01 Basic AMSFonts support
\symAMSa=\mathgroup4
\symAMSb=\mathgroup5
LaTeX Font Info:    Overwriting math alphabet `\mathfrak' in version `bold'
(Font)                  U/euf/m/n --> U/euf/b/n on input line 106.
))
(/usr/local/texlive/2018/texmf-dist/tex/latex/psnfss/times.sty
Package: times 2005/04/12 PSNFSS-v9.2a (SPQR) 
)
(/usr/local/texlive/2018/texmf-dist/tex/latex/tools/bm.sty
Package: bm 2017/01/16 v1.2c Bold Symbol Support (DPC/FMi)
\symboldoperators=\mathgroup6
\symboldletters=\mathgroup7
\symboldsymbols=\mathgroup8
LaTeX Font Info:    Redeclaring math alphabet \mathbf on input line 141.
LaTeX Info: Redefining \bm on input line 207.
)
(/usr/local/texlive/2018/texmf-dist/tex/latex/algorithm2e/algorithm2e.sty
Package: algorithm2e 2017/07/18 v5.2 algorithms environments
\c@AlgoLine=\count159

(/usr/local/texlive/2018/texmf-dist/tex/latex/base/ifthen.sty
Package: ifthen 2014/09/29 v1.1c Standard LaTeX ifthen package (DPC)
)
\algocf@hangindent=\skip77

(/usr/local/texlive/2018/texmf-dist/tex/latex/ifoddpage/ifoddpage.sty
Package: ifoddpage 2016/04/23 v1.1 Conditionals for odd/even page detection
\c@checkoddpage=\count160
)
(/usr/local/texlive/2018/texmf-dist/tex/latex/tools/xspace.sty
Package: xspace 2014/10/28 v1.13 Space after command names (DPC,MH)
)
(/usr/local/texlive/2018/texmf-dist/tex/latex/relsize/relsize.sty
Package: relsize 2013/03/29 ver 4.1
)
\skiptotal=\skip78
\skiplinenumber=\skip79
\skiprule=\skip80
\skiphlne=\skip81
\skiptext=\skip82
\skiplength=\skip83
\algomargin=\skip84
\skipalgocfslide=\skip85
\algowidth=\dimen156
\inoutsize=\dimen157
\inoutindent=\dimen158
\interspacetitleruled=\dimen159
\interspacealgoruled=\dimen160
\interspacetitleboxruled=\dimen161
\algocf@ruledwidth=\skip86
\algocf@inoutbox=\box32
\algocf@inputbox=\box33
\AlCapSkip=\skip87
\AlCapHSkip=\skip88
\algoskipindent=\skip89
\algocf@nlbox=\box34
\algocf@hangingbox=\box35
\algocf@untilbox=\box36
\algocf@skipuntil=\skip90
\algocf@capbox=\box37
\algocf@lcaptionbox=\skip91
\algoheightruledefault=\skip92
\algoheightrule=\skip93
\algotitleheightruledefault=\skip94
\algotitleheightrule=\skip95
\c@algocfline=\count161
\c@algocfproc=\count162
\c@algocf=\count163
\algocf@algoframe=\box38
\algocf@algobox=\box39
)
(./paper.aux)
\openout1 = `paper.aux'.

LaTeX Font Info:    Checking defaults for OML/cmm/m/it on input line 41.
LaTeX Font Info:    ... okay on input line 41.
LaTeX Font Info:    Checking defaults for T1/cmr/m/n on input line 41.
LaTeX Font Info:    ... okay on input line 41.
LaTeX Font Info:    Checking defaults for OT1/cmr/m/n on input line 41.
LaTeX Font Info:    ... okay on input line 41.
LaTeX Font Info:    Checking defaults for OMS/cmsy/m/n on input line 41.
LaTeX Font Info:    ... okay on input line 41.
LaTeX Font Info:    Checking defaults for OMX/cmex/m/n on input line 41.
LaTeX Font Info:    ... okay on input line 41.
LaTeX Font Info:    Checking defaults for U/cmr/m/n on input line 41.
LaTeX Font Info:    ... okay on input line 41.
LaTeX Font Info:    Try loading font information for OT1+ptm on input line 41.
 (/usr/local/texlive/2018/texmf-dist/tex/latex/psnfss/ot1ptm.fd
File: ot1ptm.fd 2001/06/04 font definitions for OT1/ptm.
)
LaTeX Font Info:    Font shape `OT1/ptm/bx/n' in size <16> not available
(Font)              Font shape `OT1/ptm/b/n' tried instead on input line 76.
LaTeX Font Info:    Try loading font information for OT1+phv on input line 76.

(/usr/local/texlive/2018/texmf-dist/tex/latex/psnfss/ot1phv.fd
File: ot1phv.fd 2001/06/04 scalable font definitions for OT1/phv.
)
LaTeX Font Info:    Try loading font information for U+msa on input line 76.

(/usr/local/texlive/2018/texmf-dist/tex/latex/amsfonts/umsa.fd
File: umsa.fd 2013/01/14 v3.01 AMS symbols A
)
LaTeX Font Info:    Try loading font information for U+msb on input line 76.

(/usr/local/texlive/2018/texmf-dist/tex/latex/amsfonts/umsb.fd
File: umsb.fd 2013/01/14 v3.01 AMS symbols B
)
Underfull \vbox (badness 10000) has occurred while \output is active []


Overfull \vbox (62.0pt too high) has occurred while \output is active []


Overfull \vbox (9.47592pt too high) has occurred while \output is active []


[1{/usr/local/texlive/2018/texmf-var/fonts/map/pdftex/updmap/pdftex.map}

]
(./paper.bbl)
\tf@thm=\write3
\openout3 = `paper.thm'.


Overfull \vbox (62.0pt too high) has occurred while \output is active []


Overfull \vbox (1.06897pt too high) has occurred while \output is active []


[2] (./paper.aux) ) 
Here is how much of TeX's memory you used:
 3874 strings out of 492649
 50723 string characters out of 6129623
 130036 words of memory out of 5000000
 7719 multiletter control sequences out of 15000+600000
 39689 words of font info for 85 fonts, out of 8000000 for 9000
 1141 hyphenation exceptions out of 8191
 32i,13n,27p,408b,348s stack positions out of 5000i,500n,10000p,200000b,80000s
{/usr/local/texlive/2018/texmf-dist/fonts/enc/dvips/base/8r.
enc}</usr/local/texlive/2018/texmf-dist/fonts/type1/public/amsfonts/cm/cmex10.p
fb></usr/local/texlive/2018/texmf-dist/fonts/type1/public/amsfonts/cm/cmmi10.pf
b></usr/local/texlive/2018/texmf-dist/fonts/type1/public/amsfonts/cm/cmmi6.pfb>
</usr/local/texlive/2018/texmf-dist/fonts/type1/public/amsfonts/cm/cmmi8.pfb></
usr/local/texlive/2018/texmf-dist/fonts/type1/public/amsfonts/cm/cmr10.pfb></us
r/local/texlive/2018/texmf-dist/fonts/type1/public/amsfonts/cm/cmr8.pfb></usr/l
ocal/texlive/2018/texmf-dist/fonts/type1/public/amsfonts/cm/cmsy10.pfb></usr/lo
cal/texlive/2018/texmf-dist/fonts/type1/public/amsfonts/cm/cmsy7.pfb></usr/loca
l/texlive/2018/texmf-dist/fonts/type1/public/amsfonts/cm/cmsy8.pfb></usr/local/
texlive/2018/texmf-dist/fonts/type1/public/amsfonts/symbols/msam10.pfb></usr/lo
cal/texlive/2018/texmf-dist/fonts/type1/public/amsfonts/symbols/msbm10.pfb></us
r/local/texlive/2018/texmf-dist/fonts/type1/urw/helvetic/uhvr8a.pfb></usr/local
/texlive/2018/texmf-dist/fonts/type1/urw/times/utmb8a.pfb></usr/local/texlive/2
018/texmf-dist/fonts/type1/urw/times/utmr8a.pfb></usr/local/texlive/2018/texmf-
dist/fonts/type1/urw/times/utmri8a.pfb>
Output written on paper.pdf (2 pages, 138345 bytes).
PDF statistics:
 72 PDF objects out of 1000 (max. 8388607)
 52 compressed objects within 1 object stream
 0 named destinations out of 1000 (max. 500000)
 1 words of extra memory for PDF output out of 10000 (max. 10000000)

